<?xml version="1.0" encoding="UTF-8"?>
<coverage generated="1660009258558" clover="3.2.0">
  <project timestamp="1660009258558" name="All files">
    <metrics statements="17" coveredstatements="9" conditionals="2" coveredconditionals="1" methods="6" coveredmethods="5" elements="25" coveredelements="15" complexity="0" loc="17" ncloc="17" packages="3" files="6" classes="6"/>
    <package name="src">
      <metrics statements="4" coveredstatements="1" conditionals="0" coveredconditionals="0" methods="1" coveredmethods="1"/>
      <file name="App.js" path="C:\Users\rlath\OneDrive\Desktop\interview__project\src\App.js">
        <metrics statements="1" coveredstatements="1" conditionals="0" coveredconditionals="0" methods="1" coveredmethods="1"/>
        <line num="9" count="1" type="stmt"/>
      </file>
      <file name="index.js" path="C:\Users\rlath\OneDrive\Desktop\interview__project\src\index.js">
        <metrics statements="3" coveredstatements="0" conditionals="0" coveredconditionals="0" methods="0" coveredmethods="0"/>
        <line num="9" count="0" type="stmt"/>
        <line num="10" count="0" type="stmt"/>
        <line num="21" count="0" type="stmt"/>
      </file>
    </package>
    <package name="src.components">
      <metrics statements="3" coveredstatements="3" conditionals="0" coveredconditionals="0" methods="3" coveredmethods="3"/>
      <file name="Footer.js" path="C:\Users\rlath\OneDrive\Desktop\interview__project\src\components\Footer.js">
        <metrics statements="1" coveredstatements="1" conditionals="0" coveredconditionals="0" methods="1" coveredmethods="1"/>
        <line num="5" count="2" type="stmt"/>
      </file>
      <file name="Nav.js" path="C:\Users\rlath\OneDrive\Desktop\interview__project\src\components\Nav.js">
        <metrics statements="1" coveredstatements="1" conditionals="0" coveredconditionals="0" methods="1" coveredmethods="1"/>
        <line num="14" count="1" type="stmt"/>
      </file>
      <file name="Sidebar.js" path="C:\Users\rlath\OneDrive\Desktop\interview__project\src\components\Sidebar.js">
        <metrics statements="1" coveredstatements="1" conditionals="0" coveredconditionals="0" methods="1" coveredmethods="1"/>
        <line num="10" count="3" type="stmt"/>
      </file>
    </package>
    <package name="src.pages">
      <metrics statements="10" coveredstatements="5" conditionals="2" coveredconditionals="1" methods="2" coveredmethods="1"/>
      <file name="Home.js" path="C:\Users\rlath\OneDrive\Desktop\interview__project\src\pages\Home.js">
        <metrics statements="10" coveredstatements="5" conditionals="2" coveredconditionals="1" methods="2" coveredmethods="1"/>
        <line num="13" count="1" type="stmt"/>
        <line num="17" count="4" type="stmt"/>
        <line num="22" count="4" type="stmt"/>
        <line num="24" count="3" type="stmt"/>
        <line num="27" count="0" type="stmt"/>
        <line num="28" count="0" type="stmt"/>
        <line num="30" count="0" type="stmt"/>
        <line num="31" count="0" type="stmt"/>
        <line num="33" count="0" type="stmt"/>
        <line num="38" count="3" type="stmt"/>
      </file>
    </package>
  </project>
</coverage>
