{"C:\\Users\\rlath\\OneDrive\\Desktop\\interview__project\\src\\App.js": {"path":"C:\\Users\\rlath\\OneDrive\\Desktop\\interview__project\\src\\App.js","statementMap":{"0":{"start":{"line":9,"column":2},"end":{"line":23,"column":4}}},"fnMap":{"0":{"name":"App","decl":{"start":{"line":8,"column":9},"end":{"line":8,"column":12}},"loc":{"start":{"line":8,"column":15},"end":{"line":24,"column":1}},"line":8}},"branchMap":{},"s":{"0":1},"f":{"0":1},"b":{},"_coverageSchema":"1a1c01bbd47fc00a2c39e90264f33305004495a9","hash":"bd2c0da5fd3aa691ab115aa23786415450040a50"}
,"C:\\Users\\rlath\\OneDrive\\Desktop\\interview__project\\src\\index.js": {"path":"C:\\Users\\rlath\\OneDrive\\Desktop\\interview__project\\src\\index.js","statementMap":{"0":{"start":{"line":9,"column":13},"end":{"line":9,"column":65}},"1":{"start":{"line":10,"column":0},"end":{"line":16,"column":2}},"2":{"start":{"line":21,"column":0},"end":{"line":21,"column":18}}},"fnMap":{},"branchMap":{},"s":{"0":0,"1":0,"2":0},"f":{},"b":{}}
,"C:\\Users\\rlath\\OneDrive\\Desktop\\interview__project\\src\\components\\Footer.js": {"path":"C:\\Users\\rlath\\OneDrive\\Desktop\\interview__project\\src\\components\\Footer.js","statementMap":{"0":{"start":{"line":5,"column":2},"end":{"line":11,"column":3}}},"fnMap":{"0":{"name":"Footer","decl":{"start":{"line":4,"column":24},"end":{"line":4,"column":30}},"loc":{"start":{"line":4,"column":33},"end":{"line":12,"column":1}},"line":4}},"branchMap":{},"s":{"0":2},"f":{"0":2},"b":{},"_coverageSchema":"1a1c01bbd47fc00a2c39e90264f33305004495a9","hash":"786c8bc97c0c0627ffd6d9644d603de6b42903c8"}
,"C:\\Users\\rlath\\OneDrive\\Desktop\\interview__project\\src\\components\\Nav.js": {"path":"C:\\Users\\rlath\\OneDrive\\Desktop\\interview__project\\src\\components\\Nav.js","statementMap":{"0":{"start":{"line":14,"column":2},"end":{"line":59,"column":3}}},"fnMap":{"0":{"name":"Nav","decl":{"start":{"line":12,"column":24},"end":{"line":12,"column":27}},"loc":{"start":{"line":12,"column":30},"end":{"line":60,"column":1}},"line":12}},"branchMap":{},"s":{"0":1},"f":{"0":1},"b":{},"_coverageSchema":"1a1c01bbd47fc00a2c39e90264f33305004495a9","hash":"e167abc4b75490477cacc281c11e3ec4a6662160"}
,"C:\\Users\\rlath\\OneDrive\\Desktop\\interview__project\\src\\components\\Sidebar.js": {"path":"C:\\Users\\rlath\\OneDrive\\Desktop\\interview__project\\src\\components\\Sidebar.js","statementMap":{"0":{"start":{"line":10,"column":2},"end":{"line":34,"column":4}}},"fnMap":{"0":{"name":"(anonymous_0)","decl":{"start":{"line":9,"column":15},"end":{"line":9,"column":16}},"loc":{"start":{"line":9,"column":24},"end":{"line":35,"column":1}},"line":9}},"branchMap":{},"s":{"0":3},"f":{"0":3},"b":{},"_coverageSchema":"1a1c01bbd47fc00a2c39e90264f33305004495a9","hash":"72bb15391872c29a802599d791714466a09bd9b3"}
,"C:\\Users\\rlath\\OneDrive\\Desktop\\interview__project\\src\\pages\\Home.js": {"path":"C:\\Users\\rlath\\OneDrive\\Desktop\\interview__project\\src\\pages\\Home.js","statementMap":{"0":{"start":{"line":13,"column":21},"end":{"line":13,"column":49}},"1":{"start":{"line":17,"column":20},"end":{"line":20,"column":46}},"2":{"start":{"line":22,"column":26},"end":{"line":22,"column":45}},"3":{"start":{"line":24,"column":28},"end":{"line":24,"column":39}},"4":{"start":{"line":27,"column":4},"end":{"line":27,"column":14}},"5":{"start":{"line":28,"column":4},"end":{"line":28,"column":24}},"6":{"start":{"line":30,"column":17},"end":{"line":30,"column":58}},"7":{"start":{"line":31,"column":21},"end":{"line":31,"column":38}},"8":{"start":{"line":33,"column":4},"end":{"line":33,"column":27}},"9":{"start":{"line":38,"column":2},"end":{"line":102,"column":3}}},"fnMap":{"0":{"name":"Home","decl":{"start":{"line":15,"column":24},"end":{"line":15,"column":28}},"loc":{"start":{"line":15,"column":31},"end":{"line":103,"column":1}},"line":15},"1":{"name":"getCatFact","decl":{"start":{"line":26,"column":17},"end":{"line":26,"column":27}},"loc":{"start":{"line":26,"column":29},"end":{"line":34,"column":3}},"line":26}},"branchMap":{"0":{"loc":{"start":{"line":92,"column":17},"end":{"line":96,"column":23}},"type":"cond-expr","locations":[{"start":{"line":92,"column":24},"end":{"line":93,"column":83}},{"start":{"line":94,"column":20},"end":{"line":96,"column":23}}],"line":92}},"s":{"0":1,"1":4,"2":4,"3":3,"4":0,"5":0,"6":0,"7":0,"8":0,"9":3},"f":{"0":4,"1":0},"b":{"0":[3,0]},"_coverageSchema":"1a1c01bbd47fc00a2c39e90264f33305004495a9","hash":"557e4cf3d3e51d07be77167bf57dcecc3ac765ae"}
}
