TN:
SF:src\App.js
FN:8,App
FNF:1
FNH:1
FNDA:1,App
DA:9,1
LF:1
LH:1
BRF:0
BRH:0
end_of_record
TN:
SF:src\index.js
FNF:0
FNH:0
DA:9,0
DA:10,0
DA:21,0
LF:3
LH:0
BRF:0
BRH:0
end_of_record
TN:
SF:src\components\Footer.js
FN:4,Footer
FNF:1
FNH:1
FNDA:2,Footer
DA:5,2
LF:1
LH:1
BRF:0
BRH:0
end_of_record
TN:
SF:src\components\Nav.js
FN:12,Nav
FNF:1
FNH:1
FNDA:1,Nav
DA:14,1
LF:1
LH:1
BRF:0
BRH:0
end_of_record
TN:
SF:src\components\Sidebar.js
FN:9,(anonymous_0)
FNF:1
FNH:1
FNDA:3,(anonymous_0)
DA:10,3
LF:1
LH:1
BRF:0
BRH:0
end_of_record
TN:
SF:src\pages\Home.js
FN:15,Home
FN:26,getCatFact
FNF:2
FNH:1
FNDA:4,Home
FNDA:0,getCatFact
DA:13,1
DA:17,4
DA:22,4
DA:24,3
DA:27,0
DA:28,0
DA:30,0
DA:31,0
DA:33,0
DA:38,3
LF:10
LH:5
BRDA:92,0,0,3
BRDA:92,0,1,0
BRF:2
BRH:1
end_of_record
